[username]: vrech
[score]: 2
[board]: POSY=0 POSX=0 PRES=C VIS=0 
[board]: POSY=0 POSX=1 PRES=C VIS=0 
[board]: POSY=0 POSX=2 PRES=* VIS=0 
[board]: POSY=0 POSX=3 PRES=* VIS=0 
[board]: POSY=0 POSX=4 PRES=* VIS=0 
[board]: POSY=0 POSX=5 PRES=* VIS=0 
[board]: POSY=0 POSX=6 PRES=D VIS=0 
[board]: POSY=0 POSX=7 PRES=* VIS=1 
[board]: POSY=0 POSX=8 PRES=* VIS=0 
[board]: POSY=0 POSX=9 PRES=* VIS=0 
[board]: POSY=1 POSX=0 PRES=* VIS=0 
[board]: POSY=1 POSX=1 PRES=* VIS=0 
[board]: POSY=1 POSX=2 PRES=* VIS=0 
[board]: POSY=1 POSX=3 PRES=* VIS=0 
[board]: POSY=1 POSX=4 PRES=* VIS=0 
[board]: POSY=1 POSX=5 PRES=* VIS=1 
[board]: POSY=1 POSX=6 PRES=D VIS=0 
[board]: POSY=1 POSX=7 PRES=* VIS=0 
[board]: POSY=1 POSX=8 PRES=* VIS=0 
[board]: POSY=1 POSX=9 PRES=* VIS=0 
[board]: POSY=2 POSX=0 PRES=* VIS=0 
[board]: POSY=2 POSX=1 PRES=S VIS=0 
[board]: POSY=2 POSX=2 PRES=* VIS=0 
[board]: POSY=2 POSX=3 PRES=* VIS=0 
[board]: POSY=2 POSX=4 PRES=* VIS=0 
[board]: POSY=2 POSX=5 PRES=* VIS=0 
[board]: POSY=2 POSX=6 PRES=D VIS=0 
[board]: POSY=2 POSX=7 PRES=* VIS=0 
[board]: POSY=2 POSX=8 PRES=* VIS=0 
[board]: POSY=2 POSX=9 PRES=* VIS=0 
[board]: POSY=3 POSX=0 PRES=D VIS=0 
[board]: POSY=3 POSX=1 PRES=D VIS=0 
[board]: POSY=3 POSX=2 PRES=D VIS=0 
[board]: POSY=3 POSX=3 PRES=D VIS=0 
[board]: POSY=3 POSX=4 PRES=* VIS=0 
[board]: POSY=3 POSX=5 PRES=* VIS=0 
[board]: POSY=3 POSX=6 PRES=D VIS=1 
[board]: POSY=3 POSX=7 PRES=S VIS=0 
[board]: POSY=3 POSX=8 PRES=* VIS=0 
[board]: POSY=3 POSX=9 PRES=* VIS=0 
[board]: POSY=4 POSX=0 PRES=A VIS=0 
[board]: POSY=4 POSX=1 PRES=* VIS=0 
[board]: POSY=4 POSX=2 PRES=B VIS=0 
[board]: POSY=4 POSX=3 PRES=B VIS=0 
[board]: POSY=4 POSX=4 PRES=* VIS=0 
[board]: POSY=4 POSX=5 PRES=* VIS=0 
[board]: POSY=4 POSX=6 PRES=* VIS=0 
[board]: POSY=4 POSX=7 PRES=* VIS=0 
[board]: POSY=4 POSX=8 PRES=* VIS=0 
[board]: POSY=4 POSX=9 PRES=* VIS=0 
[board]: POSY=5 POSX=0 PRES=A VIS=0 
[board]: POSY=5 POSX=1 PRES=* VIS=0 
[board]: POSY=5 POSX=2 PRES=B VIS=0 
[board]: POSY=5 POSX=3 PRES=B VIS=0 
[board]: POSY=5 POSX=4 PRES=* VIS=0 
[board]: POSY=5 POSX=5 PRES=* VIS=0 
[board]: POSY=5 POSX=6 PRES=* VIS=0 
[board]: POSY=5 POSX=7 PRES=B VIS=0 
[board]: POSY=5 POSX=8 PRES=B VIS=0 
[board]: POSY=5 POSX=9 PRES=* VIS=0 
[board]: POSY=6 POSX=0 PRES=A VIS=0 
[board]: POSY=6 POSX=1 PRES=* VIS=0 
[board]: POSY=6 POSX=2 PRES=* VIS=0 
[board]: POSY=6 POSX=3 PRES=* VIS=0 
[board]: POSY=6 POSX=4 PRES=B VIS=0 
[board]: POSY=6 POSX=5 PRES=B VIS=0 
[board]: POSY=6 POSX=6 PRES=* VIS=0 
[board]: POSY=6 POSX=7 PRES=B VIS=0 
[board]: POSY=6 POSX=8 PRES=B VIS=0 
[board]: POSY=6 POSX=9 PRES=* VIS=0 
[board]: POSY=7 POSX=0 PRES=A VIS=0 
[board]: POSY=7 POSX=1 PRES=* VIS=0 
[board]: POSY=7 POSX=2 PRES=C VIS=0 
[board]: POSY=7 POSX=3 PRES=* VIS=0 
[board]: POSY=7 POSX=4 PRES=B VIS=0 
[board]: POSY=7 POSX=5 PRES=B VIS=0 
[board]: POSY=7 POSX=6 PRES=S VIS=0 
[board]: POSY=7 POSX=7 PRES=* VIS=0 
[board]: POSY=7 POSX=8 PRES=* VIS=0 
[board]: POSY=7 POSX=9 PRES=* VIS=0 
[board]: POSY=8 POSX=0 PRES=A VIS=0 
[board]: POSY=8 POSX=1 PRES=* VIS=0 
[board]: POSY=8 POSX=2 PRES=C VIS=0 
[board]: POSY=8 POSX=3 PRES=* VIS=0 
[board]: POSY=8 POSX=4 PRES=S VIS=0 
[board]: POSY=8 POSX=5 PRES=* VIS=0 
[board]: POSY=8 POSX=6 PRES=* VIS=0 
[board]: POSY=8 POSX=7 PRES=C VIS=0 
[board]: POSY=8 POSX=8 PRES=C VIS=0 
[board]: POSY=8 POSX=9 PRES=* VIS=0 
[board]: POSY=9 POSX=0 PRES=* VIS=0 
[board]: POSY=9 POSX=1 PRES=* VIS=0 
[board]: POSY=9 POSX=2 PRES=* VIS=0 
[board]: POSY=9 POSX=3 PRES=* VIS=0 
[board]: POSY=9 POSX=4 PRES=* VIS=0 
[board]: POSY=9 POSX=5 PRES=* VIS=0 
[board]: POSY=9 POSX=6 PRES=* VIS=0 
[board]: POSY=9 POSX=7 PRES=* VIS=0 
[board]: POSY=9 POSX=8 PRES=* VIS=0 
[board]: POSY=9 POSX=9 PRES=* VIS=0 
